[0m14:01:55.754838 [debug] [MainThread]: Sending event: {'category': 'dbt', 'action': 'invocation', 'label': 'start', 'context': [<snowplow_tracker.self_describing_json.SelfDescribingJson object at 0x0000023B3C587F80>, <snowplow_tracker.self_describing_json.SelfDescribingJson object at 0x0000023B3C587230>, <snowplow_tracker.self_describing_json.SelfDescribingJson object at 0x0000023B3B93C080>]}


============================== 14:01:55.768567 | 4190a098-425c-4b47-a819-9a741d0fbded ==============================
[0m14:01:55.768567 [info ] [MainThread]: Running with dbt=1.11.8
[0m14:01:55.772178 [debug] [MainThread]: running dbt with arguments {'version_check': 'True', 'no_print': 'None', 'static_parser': 'True', 'warn_error_options': 'WarnErrorOptionsV2(error=[], warn=[], silence=[])', 'target_path': 'None', 'printer_width': '80', 'write_json': 'True', 'empty': 'None', 'log_cache_events': 'False', 'introspect': 'True', 'cache_selected_only': 'False', 'log_format': 'default', 'debug': 'False', 'fail_fast': 'False', 'profiles_dir': 'C:\\Users\\User\\.dbt', 'send_anonymous_usage_stats': 'True', 'quiet': 'False', 'warn_error': 'None', 'partial_parse': 'True', 'use_colors': 'True', 'indirect_selection': 'eager', 'invocation_command': 'dbt init zelda_warehouse', 'use_experimental_parser': 'False', 'log_path': 'logs'}
[0m14:01:55.800249 [info ] [MainThread]: Creating dbt configuration folder at C:\Users\User\.dbt
[0m14:01:55.808232 [debug] [MainThread]: Starter project path: C:\Users\User\AppData\Local\Python\pythoncore-3.12-64\Lib\site-packages\dbt\include\starter_project
[0m14:01:55.828229 [info ] [MainThread]: 
Your new dbt project "zelda_warehouse" was created!

For more information on how to configure the profiles.yml file,
please consult the dbt documentation here:

  https://docs.getdbt.com/docs/configure-your-profile

One more thing:

Need help? Don't hesitate to reach out to us via GitHub issues or on Slack:

  https://community.getdbt.com/

Happy modeling!

[0m14:01:55.828229 [info ] [MainThread]: Setting up your profile.
[0m14:02:57.624076 [info ] [MainThread]: Profile zelda_warehouse written to C:\Users\User\.dbt\profiles.yml using target's profile_template.yml and your supplied values. Run 'dbt debug' to validate the connection.
[0m14:02:57.626138 [debug] [MainThread]: Command `dbt.exe init` succeeded at 14:02:57.626138 after 62.06 seconds
[0m14:02:57.626138 [debug] [MainThread]: Sending event: {'category': 'dbt', 'action': 'invocation', 'label': 'end', 'context': [<snowplow_tracker.self_describing_json.SelfDescribingJson object at 0x0000023B3C552DE0>, <snowplow_tracker.self_describing_json.SelfDescribingJson object at 0x0000023B3C5520F0>, <snowplow_tracker.self_describing_json.SelfDescribingJson object at 0x0000023B3CA13B60>]}
[0m14:02:57.626138 [debug] [MainThread]: Flushing usage events
[0m14:02:59.504613 [debug] [MainThread]: An error was encountered while trying to flush usage events
