2026-05-11 14:31:22,309 - common - INFO - === Running extractor for 'staff' ===
2026-05-11 14:31:22,309 - common - INFO - Starting fetch from https://zelda.fanapis.com/api/staff
2026-05-11 14:31:24,100 - common - INFO - page 0: fetched 25 records (running total: 25)
2026-05-11 14:31:25,778 - common - INFO - page 1: fetched 25 records (running total: 50)
2026-05-11 14:31:27,826 - common - INFO - page 2: fetched 25 records (running total: 75)
2026-05-11 14:31:29,018 - common - INFO - page 3: fetched 25 records (running total: 100)
2026-05-11 14:31:30,889 - common - INFO - page 4: fetched 25 records (running total: 125)
2026-05-11 14:31:32,226 - common - INFO - page 5: fetched 25 records (running total: 150)
2026-05-11 14:31:33,537 - common - INFO - page 6: fetched 25 records (running total: 175)
2026-05-11 14:31:34,718 - common - INFO - page 7: fetched 25 records (running total: 200)
2026-05-11 14:31:35,839 - common - INFO - page 8: fetched 25 records (running total: 225)
2026-05-11 14:31:37,067 - common - INFO - page 9: fetched 25 records (running total: 250)
2026-05-11 14:31:38,193 - common - INFO - page 10: fetched 4 records (running total: 254)
2026-05-11 14:31:38,193 - common - INFO - Finished fetch from https://zelda.fanapis.com/api/staff: - 254 records total
2026-05-11 14:31:38,193 - common - INFO - Loading 254 rows into raw.zelda_staff
2026-05-11 14:31:38,277 - common - INFO - Loaded 254 rows into raw.zelda_staff
2026-05-11 14:31:38,277 - common - INFO - [staff] pulled 254, upserted into raw.zelda_staff
2026-05-11 14:31:53,690 - common - INFO - === Running extractor for 'bosses' ===
2026-05-11 14:31:53,690 - common - INFO - Starting fetch from https://zelda.fanapis.com/api/bosses
2026-05-11 14:31:54,875 - common - INFO - page 0: fetched 25 records (running total: 25)
2026-05-11 14:31:56,209 - common - INFO - page 1: fetched 25 records (running total: 50)
2026-05-11 14:31:57,362 - common - INFO - page 2: fetched 25 records (running total: 75)
2026-05-11 14:31:58,608 - common - INFO - page 3: fetched 25 records (running total: 100)
2026-05-11 14:31:59,748 - common - INFO - page 4: fetched 25 records (running total: 125)
2026-05-11 14:32:00,896 - common - INFO - page 5: fetched 25 records (running total: 150)
2026-05-11 14:32:02,149 - common - INFO - page 6: fetched 25 records (running total: 175)
2026-05-11 14:32:03,480 - common - INFO - page 7: fetched 25 records (running total: 200)
2026-05-11 14:32:04,642 - common - INFO - page 8: fetched 25 records (running total: 225)
2026-05-11 14:32:05,864 - common - INFO - page 9: fetched 25 records (running total: 250)
2026-05-11 14:32:07,123 - common - INFO - page 10: fetched 25 records (running total: 275)
2026-05-11 14:32:08,532 - common - INFO - Finished fetch from https://zelda.fanapis.com/api/bosses: - 275 records total
2026-05-11 14:32:08,534 - common - INFO - Loading 275 rows into raw.zelda_bosses
2026-05-11 14:32:08,623 - common - INFO - Loaded 275 rows into raw.zelda_bosses
2026-05-11 14:32:08,623 - common - INFO - [bosses] pulled 275, upserted into raw.zelda_bosses
2026-05-11 14:32:35,800 - common - INFO - === Running extractor for 'characters' ===
2026-05-11 14:32:35,800 - common - INFO - Starting fetch from https://zelda.fanapis.com/api/characters
2026-05-11 14:32:36,808 - common - INFO - page 0: fetched 25 records (running total: 25)
2026-05-11 14:32:38,071 - common - INFO - page 1: fetched 25 records (running total: 50)
2026-05-11 14:32:39,402 - common - INFO - page 2: fetched 25 records (running total: 75)
2026-05-11 14:32:40,651 - common - INFO - page 3: fetched 25 records (running total: 100)
2026-05-11 14:32:41,859 - common - INFO - page 4: fetched 25 records (running total: 125)
2026-05-11 14:32:42,990 - common - INFO - page 5: fetched 25 records (running total: 150)
2026-05-11 14:32:44,059 - common - INFO - page 6: fetched 25 records (running total: 175)
2026-05-11 14:32:45,267 - common - INFO - page 7: fetched 25 records (running total: 200)
2026-05-11 14:32:46,560 - common - INFO - page 8: fetched 25 records (running total: 225)
2026-05-11 14:32:47,902 - common - INFO - page 9: fetched 25 records (running total: 250)
2026-05-11 14:32:49,241 - common - INFO - page 10: fetched 25 records (running total: 275)
2026-05-11 14:32:50,553 - common - INFO - page 11: fetched 25 records (running total: 300)
2026-05-11 14:32:51,922 - common - INFO - page 12: fetched 25 records (running total: 325)
2026-05-11 14:32:53,580 - common - INFO - page 13: fetched 25 records (running total: 350)
2026-05-11 14:32:55,941 - common - INFO - page 14: fetched 25 records (running total: 375)
2026-05-11 14:32:57,345 - common - INFO - page 15: fetched 25 records (running total: 400)
2026-05-11 14:32:59,150 - common - INFO - page 16: fetched 25 records (running total: 425)
2026-05-11 14:33:00,297 - common - INFO - page 17: fetched 25 records (running total: 450)
2026-05-11 14:33:01,686 - common - INFO - page 18: fetched 25 records (running total: 475)
2026-05-11 14:33:05,585 - common - INFO - page 19: fetched 25 records (running total: 500)
2026-05-11 14:33:07,052 - common - INFO - page 20: fetched 25 records (running total: 525)
2026-05-11 14:33:08,366 - common - INFO - page 21: fetched 25 records (running total: 550)
2026-05-11 14:33:09,597 - common - INFO - page 22: fetched 25 records (running total: 575)
2026-05-11 14:33:10,705 - common - INFO - page 23: fetched 25 records (running total: 600)
2026-05-11 14:33:12,035 - common - INFO - page 24: fetched 25 records (running total: 625)
2026-05-11 14:33:13,195 - common - INFO - page 25: fetched 25 records (running total: 650)
2026-05-11 14:33:14,407 - common - INFO - page 26: fetched 25 records (running total: 675)
2026-05-11 14:33:16,039 - common - INFO - page 27: fetched 25 records (running total: 700)
2026-05-11 14:33:17,275 - common - INFO - page 28: fetched 25 records (running total: 725)
2026-05-11 14:33:18,481 - common - INFO - page 29: fetched 25 records (running total: 750)
2026-05-11 14:33:19,608 - common - INFO - page 30: fetched 25 records (running total: 775)
2026-05-11 14:33:20,855 - common - INFO - page 31: fetched 25 records (running total: 800)
2026-05-11 14:33:22,180 - common - INFO - page 32: fetched 25 records (running total: 825)
2026-05-11 14:33:23,621 - common - INFO - page 33: fetched 25 records (running total: 850)
2026-05-11 14:33:25,075 - common - INFO - page 34: fetched 25 records (running total: 875)
2026-05-11 14:33:26,288 - common - INFO - page 35: fetched 25 records (running total: 900)
2026-05-11 14:33:27,705 - common - INFO - page 36: fetched 25 records (running total: 925)
2026-05-11 14:33:29,021 - common - INFO - page 37: fetched 25 records (running total: 950)
2026-05-11 14:33:30,361 - common - INFO - page 38: fetched 25 records (running total: 975)
2026-05-11 14:33:31,529 - common - INFO - page 39: fetched 25 records (running total: 1000)
2026-05-11 14:33:32,818 - common - INFO - page 40: fetched 25 records (running total: 1025)
2026-05-11 14:33:33,949 - common - INFO - page 41: fetched 25 records (running total: 1050)
2026-05-11 14:33:35,264 - common - INFO - page 42: fetched 25 records (running total: 1075)
2026-05-11 14:33:36,525 - common - INFO - page 43: fetched 25 records (running total: 1100)
2026-05-11 14:33:37,666 - common - INFO - page 44: fetched 25 records (running total: 1125)
2026-05-11 14:33:38,845 - common - INFO - page 45: fetched 25 records (running total: 1150)
2026-05-11 14:33:40,001 - common - INFO - page 46: fetched 25 records (running total: 1175)
2026-05-11 14:33:42,142 - common - INFO - page 47: fetched 25 records (running total: 1200)
2026-05-11 14:33:43,522 - common - INFO - page 48: fetched 25 records (running total: 1225)
2026-05-11 14:33:44,715 - common - INFO - page 49: fetched 25 records (running total: 1250)
2026-05-11 14:33:45,840 - common - INFO - page 50: fetched 25 records (running total: 1275)
2026-05-11 14:33:47,048 - common - INFO - page 51: fetched 25 records (running total: 1300)
2026-05-11 14:33:48,278 - common - INFO - page 52: fetched 25 records (running total: 1325)
2026-05-11 14:33:49,420 - common - INFO - page 53: fetched 25 records (running total: 1350)
2026-05-11 14:33:50,546 - common - INFO - page 54: fetched 25 records (running total: 1375)
2026-05-11 14:33:51,975 - common - INFO - page 55: fetched 25 records (running total: 1400)
2026-05-11 14:33:53,494 - common - INFO - page 56: fetched 25 records (running total: 1425)
2026-05-11 14:33:54,830 - common - INFO - page 57: fetched 25 records (running total: 1450)
2026-05-11 14:33:55,936 - common - INFO - page 58: fetched 25 records (running total: 1475)
2026-05-11 14:33:57,093 - common - INFO - page 59: fetched 25 records (running total: 1500)
2026-05-11 14:33:58,220 - common - INFO - page 60: fetched 25 records (running total: 1525)
2026-05-11 14:33:59,353 - common - INFO - page 61: fetched 25 records (running total: 1550)
2026-05-11 14:34:00,557 - common - INFO - page 62: fetched 25 records (running total: 1575)
2026-05-11 14:34:01,684 - common - INFO - page 63: fetched 25 records (running total: 1600)
2026-05-11 14:34:02,913 - common - INFO - page 64: fetched 25 records (running total: 1625)
2026-05-11 14:34:04,072 - common - INFO - page 65: fetched 25 records (running total: 1650)
2026-05-11 14:34:05,202 - common - INFO - page 66: fetched 25 records (running total: 1675)
2026-05-11 14:34:06,317 - common - INFO - page 67: fetched 2 records (running total: 1677)
2026-05-11 14:34:06,317 - common - INFO - Finished fetch from https://zelda.fanapis.com/api/characters: - 1677 records total
2026-05-11 14:34:06,326 - common - INFO - Loading 1677 rows into raw.zelda_characters
2026-05-11 14:34:06,470 - common - INFO - Loaded 1677 rows into raw.zelda_characters
2026-05-11 14:34:06,472 - common - INFO - [characters] pulled 1677, upserted into raw.zelda_characters
2026-05-11 14:37:11,485 - common - INFO - === Running extractor for 'games' ===
2026-05-11 14:37:11,485 - common - INFO - Starting fetch from https://zelda.fanapis.com/api/games
2026-05-11 14:37:12,784 - common - INFO - page 0: fetched 25 records (running total: 25)
2026-05-11 14:37:14,197 - common - INFO - page 1: fetched 7 records (running total: 32)
2026-05-11 14:37:14,200 - common - INFO - Finished fetch from https://zelda.fanapis.com/api/games — 32 records total
2026-05-11 14:37:14,200 - common - INFO - Loading 32 rows into raw.zelda_games
2026-05-11 14:37:14,276 - common - INFO - Loaded 32 rows into raw.zelda_games
2026-05-11 14:37:14,276 - common - INFO - [games] pulled 32, upserted into raw.zelda_games
2026-05-11 14:37:14,277 - common - INFO - === Running extractor for 'staff' ===
2026-05-11 14:37:14,277 - common - INFO - Starting fetch from https://zelda.fanapis.com/api/staff
2026-05-11 14:37:15,188 - common - INFO - page 0: fetched 25 records (running total: 25)
2026-05-11 14:37:16,313 - common - INFO - page 1: fetched 25 records (running total: 50)
2026-05-11 14:37:17,339 - common - INFO - page 2: fetched 25 records (running total: 75)
2026-05-11 14:37:18,361 - common - INFO - page 3: fetched 25 records (running total: 100)
2026-05-11 14:37:19,955 - common - INFO - page 4: fetched 25 records (running total: 125)
2026-05-11 14:37:21,031 - common - INFO - page 5: fetched 25 records (running total: 150)
2026-05-11 14:37:21,941 - common - INFO - page 6: fetched 25 records (running total: 175)
2026-05-11 14:37:22,864 - common - INFO - page 7: fetched 25 records (running total: 200)
2026-05-11 14:37:23,887 - common - INFO - page 8: fetched 25 records (running total: 225)
2026-05-11 14:37:25,331 - common - INFO - page 9: fetched 25 records (running total: 250)
2026-05-11 14:37:26,243 - common - INFO - page 10: fetched 4 records (running total: 254)
2026-05-11 14:37:26,243 - common - INFO - Finished fetch from https://zelda.fanapis.com/api/staff — 254 records total
2026-05-11 14:37:26,243 - common - INFO - Loading 254 rows into raw.zelda_staff
2026-05-11 14:37:26,313 - common - INFO - Loaded 254 rows into raw.zelda_staff
2026-05-11 14:37:26,314 - common - INFO - [staff] pulled 254, upserted into raw.zelda_staff
2026-05-11 14:37:26,314 - common - INFO - === Running extractor for 'characters' ===
2026-05-11 14:37:26,314 - common - INFO - Starting fetch from https://zelda.fanapis.com/api/characters
2026-05-11 14:37:27,285 - common - INFO - page 0: fetched 25 records (running total: 25)
2026-05-11 14:37:28,298 - common - INFO - page 1: fetched 25 records (running total: 50)
2026-05-11 14:37:29,309 - common - INFO - page 2: fetched 25 records (running total: 75)
2026-05-11 14:37:30,351 - common - INFO - page 3: fetched 25 records (running total: 100)
2026-05-11 14:37:31,456 - common - INFO - page 4: fetched 25 records (running total: 125)
2026-05-11 14:37:32,497 - common - INFO - page 5: fetched 25 records (running total: 150)
2026-05-11 14:37:33,618 - common - INFO - page 6: fetched 25 records (running total: 175)
2026-05-11 14:37:34,751 - common - INFO - page 7: fetched 25 records (running total: 200)
2026-05-11 14:37:35,775 - common - INFO - page 8: fetched 25 records (running total: 225)
2026-05-11 14:37:36,797 - common - INFO - page 9: fetched 25 records (running total: 250)
2026-05-11 14:37:37,785 - common - INFO - page 10: fetched 25 records (running total: 275)
2026-05-11 14:37:38,945 - common - INFO - page 11: fetched 25 records (running total: 300)
2026-05-11 14:37:40,152 - common - INFO - page 12: fetched 25 records (running total: 325)
2026-05-11 14:37:41,194 - common - INFO - page 13: fetched 25 records (running total: 350)
2026-05-11 14:37:42,153 - common - INFO - page 14: fetched 25 records (running total: 375)
2026-05-11 14:37:43,040 - common - INFO - page 15: fetched 25 records (running total: 400)
2026-05-11 14:37:43,956 - common - INFO - page 16: fetched 25 records (running total: 425)
2026-05-11 14:37:45,039 - common - INFO - page 17: fetched 25 records (running total: 450)
2026-05-11 14:37:45,856 - common - INFO - page 18: fetched 25 records (running total: 475)
2026-05-11 14:37:47,116 - common - INFO - page 19: fetched 25 records (running total: 500)
2026-05-11 14:37:48,174 - common - INFO - page 20: fetched 25 records (running total: 525)
2026-05-11 14:37:49,383 - common - INFO - page 21: fetched 25 records (running total: 550)
2026-05-11 14:37:51,030 - common - INFO - page 22: fetched 25 records (running total: 575)
2026-05-11 14:37:53,164 - common - INFO - page 23: fetched 25 records (running total: 600)
2026-05-11 14:37:54,443 - common - INFO - page 24: fetched 25 records (running total: 625)
2026-05-11 14:37:55,740 - common - INFO - page 25: fetched 25 records (running total: 650)
2026-05-11 14:37:57,694 - common - INFO - page 26: fetched 25 records (running total: 675)
2026-05-11 14:37:59,793 - common - INFO - page 27: fetched 25 records (running total: 700)
2026-05-11 14:38:00,829 - common - INFO - page 28: fetched 25 records (running total: 725)
2026-05-11 14:38:02,278 - common - INFO - page 29: fetched 25 records (running total: 750)
2026-05-11 14:38:03,645 - common - INFO - page 30: fetched 25 records (running total: 775)
2026-05-11 14:38:04,826 - common - INFO - page 31: fetched 25 records (running total: 800)
2026-05-11 14:38:06,876 - common - INFO - page 32: fetched 25 records (running total: 825)
2026-05-11 14:38:08,279 - common - INFO - page 33: fetched 25 records (running total: 850)
2026-05-11 14:38:09,494 - common - INFO - page 34: fetched 25 records (running total: 875)
2026-05-11 14:38:10,676 - common - INFO - page 35: fetched 25 records (running total: 900)
2026-05-11 14:38:11,678 - common - INFO - page 36: fetched 25 records (running total: 925)
2026-05-11 14:38:13,022 - common - INFO - page 37: fetched 25 records (running total: 950)
2026-05-11 14:38:14,360 - common - INFO - page 38: fetched 25 records (running total: 975)
2026-05-11 14:38:15,668 - common - INFO - page 39: fetched 25 records (running total: 1000)
2026-05-11 14:38:16,693 - common - INFO - page 40: fetched 25 records (running total: 1025)
2026-05-11 14:38:18,145 - common - INFO - page 41: fetched 25 records (running total: 1050)
2026-05-11 14:38:19,474 - common - INFO - page 42: fetched 25 records (running total: 1075)
2026-05-11 14:38:20,479 - common - INFO - page 43: fetched 25 records (running total: 1100)
2026-05-11 14:38:21,621 - common - INFO - page 44: fetched 25 records (running total: 1125)
2026-05-11 14:38:22,746 - common - INFO - page 45: fetched 25 records (running total: 1150)
2026-05-11 14:38:23,899 - common - INFO - page 46: fetched 25 records (running total: 1175)
2026-05-11 14:38:25,338 - common - INFO - page 47: fetched 25 records (running total: 1200)
2026-05-11 14:38:26,465 - common - INFO - page 48: fetched 25 records (running total: 1225)
2026-05-11 14:38:27,669 - common - INFO - page 49: fetched 25 records (running total: 1250)
2026-05-11 14:38:28,669 - common - INFO - page 50: fetched 25 records (running total: 1275)
2026-05-11 14:38:29,620 - common - INFO - page 51: fetched 25 records (running total: 1300)
2026-05-11 14:38:30,728 - common - INFO - page 52: fetched 25 records (running total: 1325)
2026-05-11 14:38:31,819 - common - INFO - page 53: fetched 25 records (running total: 1350)
2026-05-11 14:38:32,982 - common - INFO - page 54: fetched 25 records (running total: 1375)
2026-05-11 14:38:34,190 - common - INFO - page 55: fetched 25 records (running total: 1400)
2026-05-11 14:38:35,397 - common - INFO - page 56: fetched 25 records (running total: 1425)
2026-05-11 14:38:36,654 - common - INFO - page 57: fetched 25 records (running total: 1450)
2026-05-11 14:38:37,866 - common - INFO - page 58: fetched 25 records (running total: 1475)
2026-05-11 14:38:38,954 - common - INFO - page 59: fetched 25 records (running total: 1500)
2026-05-11 14:38:40,326 - common - INFO - page 60: fetched 25 records (running total: 1525)
2026-05-11 14:38:41,376 - common - INFO - page 61: fetched 25 records (running total: 1550)
2026-05-11 14:38:42,300 - common - INFO - page 62: fetched 25 records (running total: 1575)
2026-05-11 14:38:43,312 - common - INFO - page 63: fetched 25 records (running total: 1600)
2026-05-11 14:38:44,373 - common - INFO - page 64: fetched 25 records (running total: 1625)
2026-05-11 14:38:45,463 - common - INFO - page 65: fetched 25 records (running total: 1650)
2026-05-11 14:38:46,587 - common - INFO - page 66: fetched 25 records (running total: 1675)
2026-05-11 14:38:47,601 - common - INFO - page 67: fetched 2 records (running total: 1677)
2026-05-11 14:38:47,602 - common - INFO - Finished fetch from https://zelda.fanapis.com/api/characters — 1677 records total
2026-05-11 14:38:47,612 - common - INFO - Loading 1677 rows into raw.zelda_characters
2026-05-11 14:38:47,744 - common - INFO - Loaded 1677 rows into raw.zelda_characters
2026-05-11 14:38:47,744 - common - INFO - [characters] pulled 1677, upserted into raw.zelda_characters
2026-05-11 14:38:47,744 - common - INFO - === Running extractor for 'monsters' ===
2026-05-11 14:38:47,744 - common - INFO - Starting fetch from https://zelda.fanapis.com/api/monsters
2026-05-11 14:38:48,723 - common - INFO - page 0: fetched 25 records (running total: 25)
2026-05-11 14:38:49,982 - common - INFO - page 1: fetched 25 records (running total: 50)
2026-05-11 14:38:51,281 - common - INFO - page 2: fetched 25 records (running total: 75)
2026-05-11 14:38:52,540 - common - INFO - page 3: fetched 25 records (running total: 100)
2026-05-11 14:38:53,751 - common - INFO - page 4: fetched 25 records (running total: 125)
2026-05-11 14:38:55,068 - common - INFO - page 5: fetched 25 records (running total: 150)
2026-05-11 14:38:56,326 - common - INFO - page 6: fetched 25 records (running total: 175)
2026-05-11 14:38:57,729 - common - INFO - page 7: fetched 25 records (running total: 200)
2026-05-11 14:38:59,074 - common - INFO - page 8: fetched 25 records (running total: 225)
2026-05-11 14:39:00,327 - common - INFO - page 9: fetched 25 records (running total: 250)
2026-05-11 14:39:01,635 - common - INFO - page 10: fetched 25 records (running total: 275)
2026-05-11 14:39:03,050 - common - INFO - page 11: fetched 25 records (running total: 300)
2026-05-11 14:39:04,438 - common - INFO - page 12: fetched 25 records (running total: 325)
2026-05-11 14:39:05,830 - common - INFO - page 13: fetched 25 records (running total: 350)
2026-05-11 14:39:07,191 - common - INFO - page 14: fetched 25 records (running total: 375)
2026-05-11 14:39:08,484 - common - INFO - page 15: fetched 25 records (running total: 400)
2026-05-11 14:39:09,720 - common - INFO - page 16: fetched 25 records (running total: 425)
2026-05-11 14:39:10,832 - common - INFO - page 17: fetched 25 records (running total: 450)
2026-05-11 14:39:11,985 - common - INFO - page 18: fetched 25 records (running total: 475)
2026-05-11 14:39:13,506 - common - INFO - page 19: fetched 25 records (running total: 500)
2026-05-11 14:39:14,750 - common - INFO - page 20: fetched 25 records (running total: 525)
2026-05-11 14:39:15,856 - common - INFO - page 21: fetched 25 records (running total: 550)
2026-05-11 14:39:17,086 - common - INFO - page 22: fetched 25 records (running total: 575)
2026-05-11 14:39:18,419 - common - INFO - page 23: fetched 25 records (running total: 600)
2026-05-11 14:39:19,746 - common - INFO - page 24: fetched 25 records (running total: 625)
2026-05-11 14:39:20,822 - common - INFO - page 25: fetched 25 records (running total: 650)
2026-05-11 14:39:22,102 - common - INFO - page 26: fetched 25 records (running total: 675)
2026-05-11 14:39:23,241 - common - INFO - page 27: fetched 25 records (running total: 700)
2026-05-11 14:39:24,536 - common - INFO - page 28: fetched 25 records (running total: 725)
2026-05-11 14:39:25,702 - common - INFO - page 29: fetched 25 records (running total: 750)
2026-05-11 14:39:26,927 - common - INFO - page 30: fetched 25 records (running total: 775)
2026-05-11 14:39:28,207 - common - INFO - page 31: fetched 25 records (running total: 800)
2026-05-11 14:39:29,486 - common - INFO - page 32: fetched 25 records (running total: 825)
2026-05-11 14:39:30,903 - common - INFO - page 33: fetched 10 records (running total: 835)
2026-05-11 14:39:30,903 - common - INFO - Finished fetch from https://zelda.fanapis.com/api/monsters — 835 records total
2026-05-11 14:39:30,911 - common - INFO - Loading 835 rows into raw.zelda_monsters
2026-05-11 14:39:31,020 - common - INFO - Loaded 835 rows into raw.zelda_monsters
2026-05-11 14:39:31,020 - common - INFO - [monsters] pulled 835, upserted into raw.zelda_monsters
2026-05-11 14:39:31,020 - common - INFO - === Running extractor for 'bosses' ===
2026-05-11 14:39:31,020 - common - INFO - Starting fetch from https://zelda.fanapis.com/api/bosses
2026-05-11 14:39:31,911 - common - INFO - page 0: fetched 25 records (running total: 25)
2026-05-11 14:39:33,077 - common - INFO - page 1: fetched 25 records (running total: 50)
2026-05-11 14:39:34,380 - common - INFO - page 2: fetched 25 records (running total: 75)
2026-05-11 14:39:35,398 - common - INFO - page 3: fetched 25 records (running total: 100)
2026-05-11 14:39:36,546 - common - INFO - page 4: fetched 25 records (running total: 125)
2026-05-11 14:39:38,052 - common - INFO - page 5: fetched 25 records (running total: 150)
2026-05-11 14:39:39,075 - common - INFO - page 6: fetched 25 records (running total: 175)
2026-05-11 14:39:40,070 - common - INFO - page 7: fetched 25 records (running total: 200)
2026-05-11 14:39:41,854 - common - INFO - page 8: fetched 25 records (running total: 225)
2026-05-11 14:39:42,919 - common - INFO - page 9: fetched 25 records (running total: 250)
2026-05-11 14:39:44,003 - common - INFO - page 10: fetched 25 records (running total: 275)
2026-05-11 14:39:45,001 - common - INFO - Finished fetch from https://zelda.fanapis.com/api/bosses — 275 records total
2026-05-11 14:39:45,009 - common - INFO - Loading 275 rows into raw.zelda_bosses
2026-05-11 14:39:45,082 - common - INFO - Loaded 275 rows into raw.zelda_bosses
2026-05-11 14:39:45,083 - common - INFO - [bosses] pulled 275, upserted into raw.zelda_bosses
2026-05-11 14:39:45,083 - common - INFO - === Running extractor for 'dungeons' ===
2026-05-11 14:39:45,083 - common - INFO - Starting fetch from https://zelda.fanapis.com/api/dungeons
2026-05-11 14:39:46,165 - common - INFO - page 0: fetched 25 records (running total: 25)
2026-05-11 14:39:47,494 - common - INFO - page 1: fetched 25 records (running total: 50)
2026-05-11 14:39:49,134 - common - INFO - page 2: fetched 25 records (running total: 75)
2026-05-11 14:39:50,256 - common - INFO - page 3: fetched 25 records (running total: 100)
2026-05-11 14:39:51,403 - common - INFO - page 4: fetched 25 records (running total: 125)
2026-05-11 14:39:52,611 - common - INFO - page 5: fetched 25 records (running total: 150)
2026-05-11 14:39:54,029 - common - INFO - page 6: fetched 25 records (running total: 175)
2026-05-11 14:39:55,274 - common - INFO - page 7: fetched 25 records (running total: 200)
2026-05-11 14:39:56,614 - common - INFO - page 8: fetched 25 records (running total: 225)
2026-05-11 14:39:57,825 - common - INFO - page 9: fetched 25 records (running total: 250)
2026-05-11 14:39:59,045 - common - INFO - page 10: fetched 25 records (running total: 275)
2026-05-11 14:40:00,375 - common - INFO - page 11: fetched 25 records (running total: 300)
2026-05-11 14:40:01,690 - common - INFO - page 12: fetched 25 records (running total: 325)
2026-05-11 14:40:02,947 - common - INFO - page 13: fetched 25 records (running total: 350)
2026-05-11 14:40:04,186 - common - INFO - page 14: fetched 5 records (running total: 355)
2026-05-11 14:40:04,186 - common - INFO - Finished fetch from https://zelda.fanapis.com/api/dungeons — 355 records total
2026-05-11 14:40:04,189 - common - INFO - Loading 355 rows into raw.zelda_dungeons
2026-05-11 14:40:04,278 - common - INFO - Loaded 355 rows into raw.zelda_dungeons
2026-05-11 14:40:04,278 - common - INFO - [dungeons] pulled 355, upserted into raw.zelda_dungeons
2026-05-11 14:40:04,278 - common - INFO - === Running extractor for 'places' ===
2026-05-11 14:40:04,278 - common - INFO - Starting fetch from https://zelda.fanapis.com/api/places
2026-05-11 14:40:05,198 - common - INFO - page 0: fetched 25 records (running total: 25)
2026-05-11 14:40:06,395 - common - INFO - page 1: fetched 25 records (running total: 50)
2026-05-11 14:40:07,571 - common - INFO - page 2: fetched 25 records (running total: 75)
2026-05-11 14:40:08,616 - common - INFO - page 3: fetched 25 records (running total: 100)
2026-05-11 14:40:09,888 - common - INFO - page 4: fetched 25 records (running total: 125)
2026-05-11 14:40:11,137 - common - INFO - page 5: fetched 25 records (running total: 150)
2026-05-11 14:40:12,505 - common - INFO - page 6: fetched 25 records (running total: 175)
2026-05-11 14:40:16,051 - common - INFO - page 7: fetched 25 records (running total: 200)
2026-05-11 14:40:17,179 - common - INFO - page 8: fetched 25 records (running total: 225)
2026-05-11 14:40:18,812 - common - INFO - page 9: fetched 25 records (running total: 250)
2026-05-11 14:40:20,134 - common - INFO - page 10: fetched 25 records (running total: 275)
2026-05-11 14:40:21,423 - common - INFO - page 11: fetched 25 records (running total: 300)
2026-05-11 14:40:22,880 - common - INFO - page 12: fetched 25 records (running total: 325)
2026-05-11 14:40:24,307 - common - INFO - page 13: fetched 25 records (running total: 350)
2026-05-11 14:40:26,982 - common - INFO - page 14: fetched 25 records (running total: 375)
2026-05-11 14:40:28,313 - common - INFO - page 15: fetched 25 records (running total: 400)
2026-05-11 14:40:29,607 - common - INFO - page 16: fetched 25 records (running total: 425)
2026-05-11 14:40:30,956 - common - INFO - page 17: fetched 25 records (running total: 450)
2026-05-11 14:40:32,218 - common - INFO - page 18: fetched 25 records (running total: 475)
2026-05-11 14:40:33,412 - common - INFO - page 19: fetched 25 records (running total: 500)
2026-05-11 14:40:34,756 - common - INFO - page 20: fetched 25 records (running total: 525)
2026-05-11 14:40:36,190 - common - INFO - page 21: fetched 25 records (running total: 550)
2026-05-11 14:40:37,761 - common - INFO - page 22: fetched 25 records (running total: 575)
2026-05-11 14:40:39,089 - common - INFO - page 23: fetched 25 records (running total: 600)
2026-05-11 14:40:40,273 - common - INFO - page 24: fetched 25 records (running total: 625)
2026-05-11 14:40:41,350 - common - INFO - page 25: fetched 25 records (running total: 650)
2026-05-11 14:40:43,188 - common - INFO - page 26: fetched 25 records (running total: 675)
2026-05-11 14:40:44,587 - common - INFO - page 27: fetched 25 records (running total: 700)
2026-05-11 14:40:45,779 - common - INFO - page 28: fetched 25 records (running total: 725)
2026-05-11 14:40:46,942 - common - INFO - page 29: fetched 25 records (running total: 750)
2026-05-11 14:40:48,264 - common - INFO - page 30: fetched 25 records (running total: 775)
2026-05-11 14:40:49,598 - common - INFO - page 31: fetched 25 records (running total: 800)
2026-05-11 14:40:50,843 - common - INFO - page 32: fetched 25 records (running total: 825)
2026-05-11 14:40:51,955 - common - INFO - page 33: fetched 25 records (running total: 850)
2026-05-11 14:40:53,644 - common - INFO - page 34: fetched 25 records (running total: 875)
2026-05-11 14:40:54,930 - common - INFO - page 35: fetched 25 records (running total: 900)
2026-05-11 14:40:56,081 - common - INFO - page 36: fetched 25 records (running total: 925)
2026-05-11 14:40:57,688 - common - INFO - page 37: fetched 25 records (running total: 950)
2026-05-11 14:40:59,147 - common - INFO - page 38: fetched 25 records (running total: 975)
2026-05-11 14:41:00,303 - common - INFO - page 39: fetched 25 records (running total: 1000)
2026-05-11 14:41:01,435 - common - INFO - page 40: fetched 25 records (running total: 1025)
2026-05-11 14:41:03,196 - common - INFO - page 41: fetched 25 records (running total: 1050)
2026-05-11 14:41:05,052 - common - INFO - page 42: fetched 25 records (running total: 1075)
2026-05-11 14:41:06,405 - common - INFO - page 43: fetched 25 records (running total: 1100)
2026-05-11 14:41:07,638 - common - INFO - page 44: fetched 25 records (running total: 1125)
2026-05-11 14:41:08,813 - common - INFO - page 45: fetched 25 records (running total: 1150)
2026-05-11 14:41:10,044 - common - INFO - page 46: fetched 25 records (running total: 1175)
2026-05-11 14:41:11,327 - common - INFO - page 47: fetched 25 records (running total: 1200)
2026-05-11 14:41:12,545 - common - INFO - page 48: fetched 25 records (running total: 1225)
2026-05-11 14:41:14,158 - common - INFO - page 49: fetched 25 records (running total: 1250)
2026-05-11 14:41:15,389 - common - INFO - page 50: fetched 25 records (running total: 1275)
2026-05-11 14:41:16,619 - common - INFO - page 51: fetched 25 records (running total: 1300)
2026-05-11 14:41:18,014 - common - INFO - page 52: fetched 25 records (running total: 1325)
2026-05-11 14:41:19,193 - common - INFO - page 53: fetched 25 records (running total: 1350)
2026-05-11 14:41:20,397 - common - INFO - page 54: fetched 25 records (running total: 1375)
2026-05-11 14:41:21,734 - common - INFO - page 55: fetched 25 records (running total: 1400)
2026-05-11 14:41:22,859 - common - INFO - page 56: fetched 25 records (running total: 1425)
2026-05-11 14:41:24,394 - common - INFO - page 57: fetched 25 records (running total: 1450)
2026-05-11 14:41:25,708 - common - INFO - page 58: fetched 25 records (running total: 1475)
2026-05-11 14:41:26,974 - common - INFO - page 59: fetched 15 records (running total: 1490)
2026-05-11 14:41:26,974 - common - INFO - Finished fetch from https://zelda.fanapis.com/api/places — 1490 records total
2026-05-11 14:41:26,989 - common - INFO - Loading 1490 rows into raw.zelda_places
2026-05-11 14:41:27,147 - common - INFO - Loaded 1490 rows into raw.zelda_places
2026-05-11 14:41:27,147 - common - INFO - [places] pulled 1490, upserted into raw.zelda_places
2026-05-11 14:41:27,151 - common - INFO - === Running extractor for 'items' ===
2026-05-11 14:41:27,151 - common - INFO - Starting fetch from https://zelda.fanapis.com/api/items
2026-05-11 14:41:28,267 - common - INFO - page 0: fetched 25 records (running total: 25)
2026-05-11 14:41:29,424 - common - INFO - page 1: fetched 25 records (running total: 50)
2026-05-11 14:41:30,722 - common - INFO - page 2: fetched 25 records (running total: 75)
2026-05-11 14:41:31,960 - common - INFO - page 3: fetched 25 records (running total: 100)
2026-05-11 14:41:33,315 - common - INFO - page 4: fetched 25 records (running total: 125)
2026-05-11 14:41:34,392 - common - INFO - page 5: fetched 25 records (running total: 150)
2026-05-11 14:41:35,753 - common - INFO - page 6: fetched 25 records (running total: 175)
2026-05-11 14:41:36,995 - common - INFO - page 7: fetched 25 records (running total: 200)
2026-05-11 14:41:38,503 - common - INFO - page 8: fetched 25 records (running total: 225)
2026-05-11 14:41:40,036 - common - INFO - page 9: fetched 25 records (running total: 250)
2026-05-11 14:41:41,467 - common - INFO - page 10: fetched 25 records (running total: 275)
2026-05-11 14:41:42,724 - common - INFO - page 11: fetched 25 records (running total: 300)
2026-05-11 14:41:44,040 - common - INFO - page 12: fetched 25 records (running total: 325)
2026-05-11 14:41:45,271 - common - INFO - page 13: fetched 25 records (running total: 350)
2026-05-11 14:41:46,494 - common - INFO - page 14: fetched 25 records (running total: 375)
2026-05-11 14:41:47,738 - common - INFO - page 15: fetched 25 records (running total: 400)
2026-05-11 14:41:48,966 - common - INFO - page 16: fetched 25 records (running total: 425)
2026-05-11 14:41:50,125 - common - INFO - page 17: fetched 25 records (running total: 450)
2026-05-11 14:41:51,476 - common - INFO - page 18: fetched 25 records (running total: 475)
2026-05-11 14:41:52,945 - common - INFO - page 19: fetched 25 records (running total: 500)
2026-05-11 14:41:54,190 - common - INFO - page 20: fetched 25 records (running total: 525)
2026-05-11 14:41:55,402 - common - INFO - page 21: fetched 25 records (running total: 550)
2026-05-11 14:41:56,743 - common - INFO - page 22: fetched 25 records (running total: 575)
2026-05-11 14:41:58,045 - common - INFO - page 23: fetched 25 records (running total: 600)
2026-05-11 14:41:59,314 - common - INFO - page 24: fetched 25 records (running total: 625)
2026-05-11 14:42:00,622 - common - INFO - page 25: fetched 25 records (running total: 650)
2026-05-11 14:42:01,832 - common - INFO - page 26: fetched 25 records (running total: 675)
2026-05-11 14:42:03,173 - common - INFO - page 27: fetched 25 records (running total: 700)
2026-05-11 14:42:04,523 - common - INFO - page 28: fetched 25 records (running total: 725)
2026-05-11 14:42:05,676 - common - INFO - page 29: fetched 25 records (running total: 750)
2026-05-11 14:42:06,865 - common - INFO - page 30: fetched 25 records (running total: 775)
2026-05-11 14:42:08,175 - common - INFO - page 31: fetched 25 records (running total: 800)
2026-05-11 14:42:09,418 - common - INFO - page 32: fetched 25 records (running total: 825)
2026-05-11 14:42:10,751 - common - INFO - page 33: fetched 25 records (running total: 850)
2026-05-11 14:42:12,074 - common - INFO - page 34: fetched 25 records (running total: 875)
2026-05-11 14:42:13,157 - common - INFO - page 35: fetched 25 records (running total: 900)
2026-05-11 14:42:14,434 - common - INFO - page 36: fetched 25 records (running total: 925)
2026-05-11 14:42:15,751 - common - INFO - page 37: fetched 25 records (running total: 950)
2026-05-11 14:42:17,008 - common - INFO - page 38: fetched 25 records (running total: 975)
2026-05-11 14:42:18,223 - common - INFO - page 39: fetched 25 records (running total: 1000)
2026-05-11 14:42:19,374 - common - INFO - page 40: fetched 25 records (running total: 1025)
2026-05-11 14:42:20,548 - common - INFO - page 41: fetched 25 records (running total: 1050)
2026-05-11 14:42:21,808 - common - INFO - page 42: fetched 25 records (running total: 1075)
2026-05-11 14:42:23,040 - common - INFO - page 43: fetched 25 records (running total: 1100)
2026-05-11 14:42:24,167 - common - INFO - page 44: fetched 25 records (running total: 1125)
2026-05-11 14:42:25,387 - common - INFO - page 45: fetched 25 records (running total: 1150)
2026-05-11 14:42:26,629 - common - INFO - page 46: fetched 25 records (running total: 1175)
2026-05-11 14:42:27,838 - common - INFO - page 47: fetched 25 records (running total: 1200)
2026-05-11 14:42:29,006 - common - INFO - page 48: fetched 25 records (running total: 1225)
2026-05-11 14:42:30,211 - common - INFO - page 49: fetched 25 records (running total: 1250)
2026-05-11 14:42:31,292 - common - INFO - page 50: fetched 25 records (running total: 1275)
2026-05-11 14:42:32,561 - common - INFO - page 51: fetched 25 records (running total: 1300)
2026-05-11 14:42:33,829 - common - INFO - page 52: fetched 25 records (running total: 1325)
2026-05-11 14:42:35,109 - common - INFO - page 53: fetched 25 records (running total: 1350)
2026-05-11 14:42:36,207 - common - INFO - page 54: fetched 25 records (running total: 1375)
2026-05-11 14:42:37,564 - common - INFO - page 55: fetched 25 records (running total: 1400)
2026-05-11 14:42:38,996 - common - INFO - page 56: fetched 25 records (running total: 1425)
2026-05-11 14:42:40,208 - common - INFO - page 57: fetched 25 records (running total: 1450)
2026-05-11 14:42:41,654 - common - INFO - page 58: fetched 25 records (running total: 1475)
2026-05-11 14:42:42,975 - common - INFO - page 59: fetched 25 records (running total: 1500)
2026-05-11 14:42:44,216 - common - INFO - page 60: fetched 25 records (running total: 1525)
2026-05-11 14:42:45,396 - common - INFO - page 61: fetched 25 records (running total: 1550)
2026-05-11 14:42:47,373 - common - INFO - page 62: fetched 25 records (running total: 1575)
2026-05-11 14:42:48,749 - common - INFO - page 63: fetched 25 records (running total: 1600)
2026-05-11 14:42:50,149 - common - INFO - page 64: fetched 25 records (running total: 1625)
2026-05-11 14:42:51,393 - common - INFO - page 65: fetched 25 records (running total: 1650)
2026-05-11 14:42:52,519 - common - INFO - page 66: fetched 25 records (running total: 1675)
2026-05-11 14:42:53,945 - common - INFO - page 67: fetched 25 records (running total: 1700)
2026-05-11 14:42:55,372 - common - INFO - page 68: fetched 25 records (running total: 1725)
2026-05-11 14:42:56,697 - common - INFO - page 69: fetched 25 records (running total: 1750)
2026-05-11 14:42:57,944 - common - INFO - page 70: fetched 25 records (running total: 1775)
2026-05-11 14:42:59,256 - common - INFO - page 71: fetched 25 records (running total: 1800)
2026-05-11 14:43:00,489 - common - INFO - page 72: fetched 25 records (running total: 1825)
2026-05-11 14:43:01,816 - common - INFO - page 73: fetched 25 records (running total: 1850)
2026-05-11 14:43:03,557 - common - INFO - page 74: fetched 19 records (running total: 1869)
2026-05-11 14:43:03,557 - common - INFO - Finished fetch from https://zelda.fanapis.com/api/items — 1869 records total
2026-05-11 14:43:03,567 - common - INFO - Loading 1869 rows into raw.zelda_items
2026-05-11 14:43:03,713 - common - INFO - Loaded 1869 rows into raw.zelda_items
2026-05-11 14:43:03,713 - common - INFO - [items] pulled 1869, upserted into raw.zelda_items
